Making images.json
nf is 24
skipping trailing one
/opt/deepdream
Finished processing  0 files
Making images.json
nf is 24
skipping trailing one
/opt/deepdream
Finished processing  0 files
Making images.json
nf is 24
skipping trailing one
/opt/deepdream
Finished processing  0 files
Making images.json
nf is 24
skipping trailing one
/opt/deepdream
Finished processing  0 files
Making images.json
nf is 24
skipping trailing one
/opt/deepdream
Finished processing  0 files
Making images.json
nf is 24
skipping trailing one
/opt/deepdream
Finished processing  0 files
Making images.json
nf is 24
skipping trailing one
/opt/deepdream
Finished processing  0 files
Making images.json
nf is 24
skipping trailing one
/opt/deepdream
Finished processing  0 files
Making images.json
nf is 24
skipping trailing one
/opt/deepdream
Finished processing  0 files
Making images.json
nf is 24
skipping trailing one
/opt/deepdream
Finished processing  0 files
Making images.json
nf is 24
skipping trailing one
/opt/deepdream
Finished processing  0 files
Making images.json
nf is 24
skipping trailing one
/opt/deepdream
Finished processing  0 files
Making images.json
nf is 24
skipping trailing one
/opt/deepdream
Finished processing  0 files
Making images.json
nf is 24
skipping trailing one
/opt/deepdream
Finished processing  0 files
Making images.json
nf is 24
skipping trailing one
/opt/deepdream
Finished processing  0 files
Making images.json
nf is 25
skipping trailing one
/opt/deepdream
Finished processing  0 files
Making images.json
nf is 25
skipping trailing one
/opt/deepdream
Finished processing  0 files
Making images.json
nf is 25
skipping trailing one
/opt/deepdream
Finished processing  0 files
Making images.json
nf is 25
skipping trailing one
/opt/deepdream
Finished processing  0 files
Making images.json
nf is 25
skipping trailing one
/opt/deepdream
Finished processing  0 files
Making images.json
nf is 25
skipping trailing one
/opt/deepdream
Finished processing  0 files
Making images.json
nf is 25
skipping trailing one
/opt/deepdream
Finished processing  0 files
Making images.json
nf is 25
skipping trailing one
/opt/deepdream
Finished processing  0 files
Making images.json
nf is 25
skipping trailing one
/opt/deepdream
Finished processing  0 files
Making images.json
nf is 25
skipping trailing one
/opt/deepdream
Finished processing  0 files
Making images.json
nf is 25
skipping trailing one
/opt/deepdream
Finished processing  0 files
Making images.json
nf is 25
skipping trailing one
/opt/deepdream
Finished processing  0 files
Making images.json
nf is 25
skipping trailing one
/opt/deepdream
Finished processing  0 files
Making images.json
nf is 25
skipping trailing one
/opt/deepdream
Finished processing  0 files
Making images.json
nf is 26
skipping trailing one
/opt/deepdream
Finished processing  0 files
Making images.json
nf is 26
skipping trailing one
/opt/deepdream
Finished processing  0 files
Making images.json
nf is 26
skipping trailing one
/opt/deepdream
Finished processing  0 files
Making images.json
nf is 26
skipping trailing one
/opt/deepdream
Finished processing  0 files
Making images.json
nf is 26
skipping trailing one
/opt/deepdream
Finished processing  0 files
Making images.json
nf is 26
skipping trailing one
/opt/deepdream
Finished processing  0 files
Making images.json
nf is 26
skipping trailing one
/opt/deepdream
Finished processing  0 files
Making images.json
nf is 26
skipping trailing one
/opt/deepdream
Finished processing  0 files
Making images.json
nf is 26
skipping trailing one
/opt/deepdream
Finished processing  0 files
Making images.json
nf is 26
skipping trailing one
/opt/deepdream
Finished processing  0 files
Making images.json
nf is 26
skipping trailing one
/opt/deepdream
Finished processing  0 files
Making images.json
nf is 26
skipping trailing one
/opt/deepdream
Finished processing  0 files
Making images.json
nf is 26
skipping trailing one
/opt/deepdream
Finished processing  0 files
Making images.json
nf is 26
skipping trailing one
/opt/deepdream
Finished processing  0 files
Making images.json
nf is 27
skipping trailing one
/opt/deepdream
Finished processing  0 files
Making images.json
nf is 27
skipping trailing one
/opt/deepdream
Finished processing  0 files
Making images.json
nf is 27
skipping trailing one
/opt/deepdream
Finished processing  0 files
Making images.json
nf is 27
skipping trailing one
/opt/deepdream
Finished processing  0 files
Making images.json
nf is 27
skipping trailing one
/opt/deepdream
Finished processing  0 files
Making images.json
nf is 27
skipping trailing one
/opt/deepdream
Finished processing  0 files
Making images.json
nf is 27
skipping trailing one
/opt/deepdream
Finished processing  0 files
Making images.json
nf is 27
skipping trailing one
/opt/deepdream
Finished processing  0 files
Making images.json
nf is 27
skipping trailing one
/opt/deepdream
Finished processing  0 files
Making images.json
nf is 27
skipping trailing one
/opt/deepdream
Finished processing  0 files
Making images.json
nf is 27
skipping trailing one
/opt/deepdream
Finished processing  0 files
Making images.json
nf is 27
skipping trailing one
/opt/deepdream
Finished processing  0 files
Making images.json
nf is 27
skipping trailing one
/opt/deepdream
Finished processing  0 files
Making images.json
nf is 27
skipping trailing one
/opt/deepdream
Finished processing  0 files
Making images.json
nf is 27
skipping trailing one
/opt/deepdream
Finished processing  0 files
